c:\uni\postdocsvn\new games base code\plugins\openglrendering\debug\openglrendering.pdb
c:\uni\postdocsvn\new games base code\plugins\openglrendering\debug\openglrendering.idb
c:\uni\postdocsvn\new games base code\plugins\openglrendering\debug\glad.obj
c:\uni\postdocsvn\new games base code\plugins\openglrendering\debug\ogltexture.obj
c:\uni\postdocsvn\new games base code\plugins\openglrendering\debug\oglshader.obj
c:\uni\postdocsvn\new games base code\plugins\openglrendering\debug\oglrenderer.obj
c:\uni\postdocsvn\new games base code\plugins\openglrendering\debug\oglmesh.obj
c:\uni\postdocsvn\new games base code\plugins\openglrendering\debug\oglcomputeshader.obj
c:\users\rich\desktop\csc3223 2019\plugins\openglrendering\debug\openglrendering.pdb
c:\users\rich\desktop\csc3223 2019\plugins\openglrendering\debug\openglrendering.idb
c:\users\rich\desktop\csc3223 2019\plugins\openglrendering\debug\glad.obj
c:\users\rich\desktop\csc3223 2019\plugins\openglrendering\debug\ogltexture.obj
c:\users\rich\desktop\csc3223 2019\plugins\openglrendering\debug\oglshader.obj
c:\users\rich\desktop\csc3223 2019\plugins\openglrendering\debug\oglrenderer.obj
c:\users\rich\desktop\csc3223 2019\plugins\openglrendering\debug\oglmesh.obj
c:\users\rich\desktop\csc3223 2019\plugins\openglrendering\debug\oglcomputeshader.obj
c:\uni\postdocsvn\new games base code\win32\debug\openglrendering.lib
c:\users\rich\desktop\csc3223 2019\win32\debug\openglrendering.lib
c:\users\rich\desktop\csc3223 2019\win32\debug\openglrendering.pdb
c:\users\rich\desktop\csc3223 2019\plugins\openglrendering\debug\openglrendering.tlog\cl.command.1.tlog
c:\users\rich\desktop\csc3223 2019\plugins\openglrendering\debug\openglrendering.tlog\cl.read.1.tlog
c:\users\rich\desktop\csc3223 2019\plugins\openglrendering\debug\openglrendering.tlog\cl.write.1.tlog
c:\users\rich\desktop\csc3223 2019\plugins\openglrendering\debug\openglrendering.tlog\lib-link.read.1.tlog
c:\users\rich\desktop\csc3223 2019\plugins\openglrendering\debug\openglrendering.tlog\lib-link.write.1.tlog
c:\users\rich\desktop\csc3223 2019\plugins\openglrendering\debug\openglrendering.tlog\lib.command.1.tlog
